INFO:__main__:howdy! I'm going to take a look at your carelink usb stick.
INFO:link:Link opened serial port: Serial<id=0x7f2858198610, open=True>(port='/dev/ttyUSB0', baudrate=9600, bytesize=8, parity='N', stopbits=1, timeout=0.5, xonxoff=False, rtscts=False, dsrdtr=False)
INFO:__main__:PROCESS:OPEN:0.019
INFO:__main__:PROCESS:START:0.181:ProductInfo:0x04
INFO:__main__:link Stick transmit[None] reader[None] download_i[False] status[None] poll_size[None] poll_i[None] command[<ProductInfo:0x04:size(64)>] processing ProductInfo:0x04)
INFO:__main__:send_force_read: attempt 0/5 send command, read until we get something within some timeout
INFO:__main__:link Stick transmit[None] reader[None] download_i[False] status[None] poll_size[None] poll_i[None] command[<ProductInfo:0x04:size(64)>] sending ProductInfo:0x04)
INFO:root:usb.write.len: 3
0000      4    0    0                             ...
DEBUG:__main__:sleeping 0.001
INFO:root:usb.read.len: 64
INFO:root:usb.read.raw:
0000      1   85    0   12   16    0    0    0    .U......
0008      1   67  111  109   76  105  110  107    .ComLink
0010     32   73   73    1   16    2    0    1     II.....
0018      1    3    0    0    0    0    0    0    ........
0020      0    0    0    0    0    0    0    0    ........
0028      0    0    0    0    0    0    0    0    ........
0030      0    0    0    0    0    0    0    0    ........
0038      0    0    0    0    0    0    0    0    ........
INFO:__main__:quit send_force_read, found len: 64 expected 64 after 0 attempts
INFO:__main__:finished processing ProductInfo:0x04, {'description': 'ComLink II', 'software.version': '1.16', 'interfaces': [(0, 'Paradigm RF'), (1, 'USB')], 'product.version': '0.0', 'rf.freq': '868.35Mhz', 'serial': '0c1000'}
INFO:__main__:PROCESS:END:20.822:ProductInfo:0x04
INFO:__main__:{'description': 'ComLink II', 'software.version': '1.16', 'interfaces': [(0, 'Paradigm RF'), (1, 'USB')], 'product.version': '0.0', 'rf.freq': '868.35Mhz', 'serial': '0c1000'}
INFO:__main__:PROCESS:START:21.027:ProductInfo:0x04
INFO:__main__:link Stick transmit[None] reader[None] download_i[False] status[None] poll_size[None] poll_i[None] command[<ProductInfo:0x04:size(64)>] processing ProductInfo:0x04)
INFO:__main__:send_force_read: attempt 0/5 send command, read until we get something within some timeout
INFO:__main__:link Stick transmit[None] reader[None] download_i[False] status[None] poll_size[None] poll_i[None] command[<ProductInfo:0x04:size(64)>] sending ProductInfo:0x04)
INFO:root:usb.write.len: 3
0000      4    0    0                             ...
DEBUG:__main__:sleeping 0.001
INFO:root:usb.read.len: 64
INFO:root:usb.read.raw:
0000      1   85    0   12   16    0    0    0    .U......
0008      1   67  111  109   76  105  110  107    .ComLink
0010     32   73   73    1   16    2    0    1     II.....
0018      1    3    0    0    0    0    0    0    ........
0020      0    0    0    0    0    0    0    0    ........
0028      0    0    0    0    0    0    0    0    ........
0030      0    0    0    0    0    0    0    0    ........
0038      0    0    0    0    0    0    0    0    ........
INFO:__main__:quit send_force_read, found len: 64 expected 64 after 0 attempts
INFO:__main__:finished processing ProductInfo:0x04, {'description': 'ComLink II', 'software.version': '1.16', 'interfaces': [(0, 'Paradigm RF'), (1, 'USB')], 'product.version': '0.0', 'rf.freq': '868.35Mhz', 'serial': '0c1000'}
INFO:__main__:PROCESS:END:29.402:ProductInfo:0x04
INFO:__main__:{'description': 'ComLink II', 'software.version': '1.16', 'interfaces': [(0, 'Paradigm RF'), (1, 'USB')], 'product.version': '0.0', 'rf.freq': '868.35Mhz', 'serial': '0c1000'}
INFO:__main__:get signal strength of Stick transmit[None] reader[None] download_i[False] status[None] poll_size[None] poll_i[None] command[<ProductInfo:0x04:size(64)>]
INFO:__main__:PROCESS:START:29.974:SignalStrength:0x06 0x00
INFO:__main__:link Stick transmit[None] reader[None] download_i[False] status[None] poll_size[None] poll_i[None] command[<SignalStrength:0x06 0x00:size(64)>] processing SignalStrength:0x06 0x00)
INFO:__main__:send_force_read: attempt 0/5 send command, read until we get something within some timeout
INFO:__main__:link Stick transmit[None] reader[None] download_i[False] status[None] poll_size[None] poll_i[None] command[<SignalStrength:0x06 0x00:size(64)>] sending SignalStrength:0x06 0x00)
INFO:root:usb.write.len: 3
0000      6    0    0                             ...
DEBUG:__main__:sleeping 0.001
INFO:root:usb.read.len: 64
INFO:root:usb.read.raw:
0000      1   85    0  188   16    0    0    0    .U......
0008      1   67  111  109   76  105  110  107    .ComLink
0010     32   73   73    1   16    2    0    1     II.....
0018      1    3    0    0    0    0    0    0    ........
0020      0    0    0    0    0    0    0    0    ........
0028      0    0    0    0    0    0    0    0    ........
0030      0    0    0    0    0    0    0    0    ........
0038      0    0    0    0    0    0    0    0    ........
INFO:__main__:quit send_force_read, found len: 64 expected 64 after 0 attempts
INFO:__main__:<SignalStrength:0x06 0x00:size(64)>:readSignalStrength:188
INFO:__main__:finished processing SignalStrength:0x06 0x00, 188
INFO:__main__:PROCESS:END:36.673:SignalStrength:0x06 0x00
INFO:__main__:we seem to have found a nice signal strength of: 188
INFO:__main__:test fetching product info Stick transmit[None] reader[None] download_i[False] status[None] poll_size[None] poll_i[None] command[<SignalStrength:0x06 0x00:size(64)>]
INFO:__main__:PROCESS:START:37.229:ProductInfo:0x04
INFO:__main__:link Stick transmit[None] reader[None] download_i[False] status[None] poll_size[None] poll_i[None] command[<ProductInfo:0x04:size(64)>] processing ProductInfo:0x04)
INFO:__main__:send_force_read: attempt 0/5 send command, read until we get something within some timeout
INFO:__main__:link Stick transmit[None] reader[None] download_i[False] status[None] poll_size[None] poll_i[None] command[<ProductInfo:0x04:size(64)>] sending ProductInfo:0x04)
INFO:root:usb.write.len: 3
0000      4    0    0                             ...
DEBUG:__main__:sleeping 0.001
INFO:root:usb.read.len: 64
INFO:root:usb.read.raw:
0000      1   85    0   12   16    0    0    0    .U......
0008      1   67  111  109   76  105  110  107    .ComLink
0010     32   73   73    1   16    2    0    1     II.....
0018      1    3    0    0    0    0    0    0    ........
0020      0    0    0    0    0    0    0    0    ........
0028      0    0    0    0    0    0    0    0    ........
0030      0    0    0    0    0    0    0    0    ........
0038      0    0    0    0    0    0    0    0    ........
INFO:__main__:quit send_force_read, found len: 64 expected 64 after 0 attempts
INFO:__main__:finished processing ProductInfo:0x04, {'description': 'ComLink II', 'software.version': '1.16', 'interfaces': [(0, 'Paradigm RF'), (1, 'USB')], 'product.version': '0.0', 'rf.freq': '868.35Mhz', 'serial': '0c1000'}
INFO:__main__:PROCESS:END:40.557:ProductInfo:0x04
INFO:__main__:{'description': 'ComLink II',
 'interfaces': [(0, 'Paradigm RF'), (1, 'USB')],
 'product.version': '0.0',
 'rf.freq': '868.35Mhz',
 'serial': '0c1000',
 'software.version': '1.16'}
INFO:__main__:get signal strength of Stick transmit[None] reader[None] download_i[False] status[None] poll_size[None] poll_i[None] command[<ProductInfo:0x04:size(64)>]
INFO:__main__:PROCESS:START:41.183:SignalStrength:0x06 0x00
INFO:__main__:link Stick transmit[None] reader[None] download_i[False] status[None] poll_size[None] poll_i[None] command[<SignalStrength:0x06 0x00:size(64)>] processing SignalStrength:0x06 0x00)
INFO:__main__:send_force_read: attempt 0/5 send command, read until we get something within some timeout
INFO:__main__:link Stick transmit[None] reader[None] download_i[False] status[None] poll_size[None] poll_i[None] command[<SignalStrength:0x06 0x00:size(64)>] sending SignalStrength:0x06 0x00)
INFO:root:usb.write.len: 3
0000      6    0    0                             ...
DEBUG:__main__:sleeping 0.001
INFO:root:usb.read.len: 64
INFO:root:usb.read.raw:
0000      1   85    0  183   16    0    0    0    .U......
0008      1   67  111  109   76  105  110  107    .ComLink
0010     32   73   73    1   16    2    0    1     II.....
0018      1    3    0    0    0    0    0    0    ........
0020      0    0    0    0    0    0    0    0    ........
0028      0    0    0    0    0    0    0    0    ........
0030      0    0    0    0    0    0    0    0    ........
0038      0    0    0    0    0    0    0    0    ........
INFO:__main__:quit send_force_read, found len: 64 expected 64 after 0 attempts
INFO:__main__:<SignalStrength:0x06 0x00:size(64)>:readSignalStrength:183
INFO:__main__:finished processing SignalStrength:0x06 0x00, 183
INFO:__main__:PROCESS:END:45.708:SignalStrength:0x06 0x00
INFO:__main__:we seem to have found a nice signal strength of: 183
INFO:__main__:at this point, we could issue remote commands to a medical
    device, let's inspect the interfaces
INFO:__main__:PROCESS:START:45.968:UsbStats:0x05 0x01
INFO:__main__:link Stick transmit[None] reader[None] download_i[False] status[None] poll_size[None] poll_i[None] command[<UsbStats:0x05 0x01:size(64)>] processing UsbStats:0x05 0x01)
INFO:__main__:send_force_read: attempt 0/5 send command, read until we get something within some timeout
INFO:__main__:link Stick transmit[None] reader[None] download_i[False] status[None] poll_size[None] poll_i[None] command[<UsbStats:0x05 0x01:size(64)>] sending UsbStats:0x05 0x01)
INFO:root:usb.write.len: 3
0000      5    1    0                             ...
DEBUG:__main__:sleeping 0.001
INFO:root:usb.read.len: 64
INFO:root:usb.read.raw:
0000      1   85    0    0    0    0    0    0    .U......
0008      0   57  242    0    0   57  242   58    .9...9.:
0010    139   60  162   57  241    4    0    0    .<.9....
0018      5    3    0    0    0    0    0    0    ........
0020      0    0    0    0    0    0    0    0    ........
0028      0    0    0    0    0    0    0    0    ........
0030      0    0    0    0    0    0    0    0    ........
0038      0    0    0    0    0    0    0    0    ........
INFO:__main__:quit send_force_read, found len: 64 expected 64 after 0 attempts
INFO:__main__:finished processing UsbStats:0x05 0x01, {'errors.timeouts': 0, 'packets.transmit': 14834L, 'errors.naks': 0, 'errors.sequence': 0, 'packets.received': 14834L, 'errors.crc': 0}
INFO:__main__:PROCESS:END:49.856:UsbStats:0x05 0x01
INFO:__main__:PROCESS:START:49.985:RadioStats:0x05 0x00
INFO:__main__:link Stick transmit[None] reader[None] download_i[False] status[None] poll_size[None] poll_i[None] command[<RadioStats:0x05 0x00:size(64)>] processing RadioStats:0x05 0x00)
INFO:__main__:send_force_read: attempt 0/5 send command, read until we get something within some timeout
INFO:__main__:link Stick transmit[None] reader[None] download_i[False] status[None] poll_size[None] poll_i[None] command[<RadioStats:0x05 0x00:size(64)>] sending RadioStats:0x05 0x00)
INFO:root:usb.write.len: 3
0000      5    0    0                             ...
DEBUG:__main__:sleeping 0.001
INFO:root:usb.read.len: 64
INFO:root:usb.read.raw:
0000      1   85    0    0    9    0   70    0    .U....F.
0008      0    1  125    0    0    1  213    0    ..}.....
0010      0    0  229    0   74    0  217    1    ....J...
0018     50    0   23    0    1    0    0    0    2.......
0020      0    1    0   87    0    0    0    0    ...W....
0028      0    0    0    0    0    0    0    0    ........
0030      0    0    0    0    0    0    0    0    ........
0038      0    0    0    0    0    0    0    0    ........
INFO:__main__:quit send_force_read, found len: 64 expected 64 after 0 attempts
INFO:__main__:finished processing RadioStats:0x05 0x00, {'errors.timeouts': 70, 'packets.transmit': 469L, 'errors.naks': 0, 'errors.sequence': 9, 'packets.received': 381L, 'errors.crc': 0}
INFO:__main__:PROCESS:END:55.126:RadioStats:0x05 0x00
INFO:__main__:{'radio': {'errors.crc': 0,
           'errors.naks': 0,
           'errors.sequence': 9,
           'errors.timeouts': 70,
           'packets.received': 381L,
           'packets.transmit': 469L},
 'usb': {'errors.crc': 0,
         'errors.naks': 0,
         'errors.sequence': 0,
         'errors.timeouts': 0,
         'packets.received': 14834L,
         'packets.transmit': 14834L}}
INFO:__main__:CLEAR BUFFERS
INFO:__main__:PROCESS:START:55.943:UsbStats:0x05 0x01
INFO:__main__:link Stick transmit[None] reader[None] download_i[False] status[None] poll_size[None] poll_i[None] command[<UsbStats:0x05 0x01:size(64)>] processing UsbStats:0x05 0x01)
INFO:__main__:send_force_read: attempt 0/5 send command, read until we get something within some timeout
INFO:__main__:link Stick transmit[None] reader[None] download_i[False] status[None] poll_size[None] poll_i[None] command[<UsbStats:0x05 0x01:size(64)>] sending UsbStats:0x05 0x01)
INFO:root:usb.write.len: 3
0000      5    1    0                             ...
DEBUG:__main__:sleeping 0.001
INFO:root:usb.read.len: 64
INFO:root:usb.read.raw:
0000      1   85    0    0    0    0    0    0    .U......
0008      0   57  244    0    0   57  244   58    .9...9.:
0010    141   60  164   57  243    4    0    0    .<.9....
0018      5    0   23    0    1    0    0    0    ........
0020      0    1    0   87    0    0    0    0    ...W....
0028      0    0    0    0    0    0    0    0    ........
0030      0    0    0    0    0    0    0    0    ........
0038      0    0    0    0    0    0    0    0    ........
INFO:__main__:quit send_force_read, found len: 64 expected 64 after 0 attempts
INFO:__main__:finished processing UsbStats:0x05 0x01, {'errors.timeouts': 0, 'packets.transmit': 14836L, 'errors.naks': 0, 'errors.sequence': 0, 'packets.received': 14836L, 'errors.crc': 0}
INFO:__main__:PROCESS:END:59.22:UsbStats:0x05 0x01
INFO:__main__:PROCESS:START:59.435:RadioStats:0x05 0x00
INFO:__main__:link Stick transmit[None] reader[None] download_i[False] status[None] poll_size[None] poll_i[None] command[<RadioStats:0x05 0x00:size(64)>] processing RadioStats:0x05 0x00)
INFO:__main__:send_force_read: attempt 0/5 send command, read until we get something within some timeout
INFO:__main__:link Stick transmit[None] reader[None] download_i[False] status[None] poll_size[None] poll_i[None] command[<RadioStats:0x05 0x00:size(64)>] sending RadioStats:0x05 0x00)
INFO:root:usb.write.len: 3
0000      5    0    0                             ...
DEBUG:__main__:sleeping 0.001
INFO:root:usb.read.len: 64
INFO:root:usb.read.raw:
0000      1   85    0    0    9    0   70    0    .U....F.
0008      0    1  125    0    0    1  213    0    ..}.....
0010      0    0  229    0   74    0  217    1    ....J...
0018     50    0   23    0    1    0    0    0    2.......
0020      0    1    0   87    0    0    0    0    ...W....
0028      0    0    0    0    0    0    0    0    ........
0030      0    0    0    0    0    0    0    0    ........
0038      0    0    0    0    0    0    0    0    ........
INFO:__main__:quit send_force_read, found len: 64 expected 64 after 0 attempts
INFO:__main__:finished processing RadioStats:0x05 0x00, {'errors.timeouts': 70, 'packets.transmit': 469L, 'errors.naks': 0, 'errors.sequence': 9, 'packets.received': 381L, 'errors.crc': 0}
INFO:__main__:PROCESS:END:63.786:RadioStats:0x05 0x00
DEBUG:__main__:INTERFACE STATS:
{'radio': {'errors.crc': 0,
           'errors.naks': 0,
           'errors.sequence': 9,
           'errors.timeouts': 70,
           'packets.received': 381L,
           'packets.transmit': 469L},
 'usb': {'errors.crc': 0,
         'errors.naks': 0,
         'errors.sequence': 0,
         'errors.timeouts': 0,
         'packets.received': 14836L,
         'packets.transmit': 14836L}}
INFO:__main__:XXX:clear_buffer[attempt][0]:segments[0],total_segments[0]:raw[0]:BEGIN :first poll
DEBUG:__main__:<Stick transmit[None] reader[None] download_i[False] status[None] poll_size[None] poll_i[None] command[<RadioStats:0x05 0x00:size(64)>]>:STARTING POLL PHASE:attempt:0
DEBUG:__main__:<Stick transmit[None] reader[None] download_i[False] status[None] poll_size[0] poll_i[0] command[<RadioStats:0x05 0x00:size(64)>]>:poll:attempt:0
INFO:__main__:PROCESS:START:75.803:LinkStatus:0x03:status:size=64
INFO:__main__:link Stick transmit[None] reader[None] download_i[False] status[None] poll_size[0] poll_i[0] command[<LinkStatus:0x03:status:size=64:size(64)>] processing LinkStatus:0x03:status:size=64)
INFO:__main__:send_force_read: attempt 0/5 send command, read until we get something within some timeout
INFO:__main__:link Stick transmit[None] reader[None] download_i[False] status[None] poll_size[0] poll_i[0] command[<LinkStatus:0x03:status:size=64:size(64)>] sending LinkStatus:0x03:status:size=64)
INFO:root:usb.write.len: 3
0000      3    0    0                             ...
DEBUG:__main__:sleeping 0.001
INFO:root:usb.read.len: 64
INFO:root:usb.read.raw:
0000      1   85    0    0    2    0    0    0    .U......
0008      5    4    0    0    0    1  213    0    ........
0010      0    0  229    0   74    0  217    1    ....J...
0018     50    0   23    0    1    0    0    0    2.......
0020      0    1    0   87    0    0    0    0    ...W....
0028      0    0    0    0    0    0    0    0    ........
0030      0    0    0    0    0    0    0    0    ........
0038      0    0    0    0    0    0    0    0    ........
INFO:__main__:quit send_force_read, found len: 64 expected 64 after 0 attempts
INFO:__main__:LinkStatus:0x03:status:size=??LinkStatus:error:True:reason:['OK']

INFO:__main__:finished processing LinkStatus:0x03:status:size=??LinkStatus:error:True:reason:[], 0
INFO:__main__:PROCESS:END:79.687:LinkStatus:0x03:status:size=??LinkStatus:error:True:reason:[]
DEBUG:__main__:poll zero, sleeping in POLL, .100
DEBUG:__main__:<Stick transmit[None] reader[None] download_i[False] status[<LinkStatus:0x03:status:size=??LinkStatus:error:True:reason:[]:size(0)>] poll_size[0] poll_i[1] command[<LinkStatus:0x03:status:size=??LinkStatus:error:True:reason:[]:size(0)>]>:poll:attempt:1
INFO:__main__:PROCESS:START:181.239:LinkStatus:0x03:status:size=64
INFO:__main__:link Stick transmit[None] reader[None] download_i[False] status[<LinkStatus:0x03:status:size=??LinkStatus:error:True:reason:[]:size(0)>] poll_size[0] poll_i[1] command[<LinkStatus:0x03:status:size=64:size(64)>] processing LinkStatus:0x03:status:size=64)
INFO:__main__:send_force_read: attempt 0/5 send command, read until we get something within some timeout
INFO:__main__:link Stick transmit[None] reader[None] download_i[False] status[<LinkStatus:0x03:status:size=??LinkStatus:error:True:reason:[]:size(0)>] poll_size[0] poll_i[1] command[<LinkStatus:0x03:status:size=64:size(64)>] sending LinkStatus:0x03:status:size=64)
INFO:root:usb.write.len: 3
0000      3    0    0                             ...
DEBUG:__main__:sleeping 0.001
INFO:root:usb.read.len: 64
INFO:root:usb.read.raw:
0000      1   85    0    0    2    0    0    0    .U......
0008      5    4    0    0    0    1  213    0    ........
0010      0    0  229    0   74    0  217    1    ....J...
0018     50    0   23    0    1    0    0    0    2.......
0020      0    1    0   87    0    0    0    0    ...W....
0028      0    0    0    0    0    0    0    0    ........
0030      0    0    0    0    0    0    0    0    ........
0038      0    0    0    0    0    0    0    0    ........
INFO:__main__:quit send_force_read, found len: 64 expected 64 after 0 attempts
INFO:__main__:LinkStatus:0x03:status:size=??LinkStatus:error:True:reason:['OK']

INFO:__main__:finished processing LinkStatus:0x03:status:size=??LinkStatus:error:True:reason:[], 0
INFO:__main__:PROCESS:END:201.725:LinkStatus:0x03:status:size=??LinkStatus:error:True:reason:[]
DEBUG:__main__:poll zero, sleeping in POLL, .100
DEBUG:__main__:<Stick transmit[None] reader[None] download_i[False] status[<LinkStatus:0x03:status:size=??LinkStatus:error:True:reason:[]:size(0)>] poll_size[0] poll_i[2] command[<LinkStatus:0x03:status:size=??LinkStatus:error:True:reason:[]:size(0)>]>:poll:attempt:2
INFO:__main__:PROCESS:START:302.851:LinkStatus:0x03:status:size=64
INFO:__main__:link Stick transmit[None] reader[None] download_i[False] status[<LinkStatus:0x03:status:size=??LinkStatus:error:True:reason:[]:size(0)>] poll_size[0] poll_i[2] command[<LinkStatus:0x03:status:size=64:size(64)>] processing LinkStatus:0x03:status:size=64)
INFO:__main__:send_force_read: attempt 0/5 send command, read until we get something within some timeout
INFO:__main__:link Stick transmit[None] reader[None] download_i[False] status[<LinkStatus:0x03:status:size=??LinkStatus:error:True:reason:[]:size(0)>] poll_size[0] poll_i[2] command[<LinkStatus:0x03:status:size=64:size(64)>] sending LinkStatus:0x03:status:size=64)
INFO:root:usb.write.len: 3
0000      3    0    0                             ...
DEBUG:__main__:sleeping 0.001
INFO:root:usb.read.len: 64
INFO:root:usb.read.raw:
0000      1   85    0    0    2    0    0    0    .U......
0008      5    4    0    0    0    1  213    0    ........
0010      0    0  229    0   74    0  217    1    ....J...
0018     50    0   23    0    1    0    0    0    2.......
0020      0    1    0   87    0    0    0    0    ...W....
0028      0    0    0    0    0    0    0    0    ........
0030      0    0    0    0    0    0    0    0    ........
0038      0    0    0    0    0    0    0    0    ........
INFO:__main__:quit send_force_read, found len: 64 expected 64 after 0 attempts
INFO:__main__:LinkStatus:0x03:status:size=??LinkStatus:error:True:reason:['OK']

INFO:__main__:finished processing LinkStatus:0x03:status:size=??LinkStatus:error:True:reason:[], 0
INFO:__main__:PROCESS:END:321.718:LinkStatus:0x03:status:size=??LinkStatus:error:True:reason:[]
DEBUG:__main__:poll zero, sleeping in POLL, .100
DEBUG:__main__:<Stick transmit[None] reader[None] download_i[False] status[<LinkStatus:0x03:status:size=??LinkStatus:error:True:reason:[]:size(0)>] poll_size[0] poll_i[3] command[<LinkStatus:0x03:status:size=??LinkStatus:error:True:reason:[]:size(0)>]>:poll:attempt:3
INFO:__main__:PROCESS:START:422.42:LinkStatus:0x03:status:size=64
INFO:__main__:link Stick transmit[None] reader[None] download_i[False] status[<LinkStatus:0x03:status:size=??LinkStatus:error:True:reason:[]:size(0)>] poll_size[0] poll_i[3] command[<LinkStatus:0x03:status:size=64:size(64)>] processing LinkStatus:0x03:status:size=64)
INFO:__main__:send_force_read: attempt 0/5 send command, read until we get something within some timeout
INFO:__main__:link Stick transmit[None] reader[None] download_i[False] status[<LinkStatus:0x03:status:size=??LinkStatus:error:True:reason:[]:size(0)>] poll_size[0] poll_i[3] command[<LinkStatus:0x03:status:size=64:size(64)>] sending LinkStatus:0x03:status:size=64)
INFO:root:usb.write.len: 3
0000      3    0    0                             ...
DEBUG:__main__:sleeping 0.001
INFO:root:usb.read.len: 64
INFO:root:usb.read.raw:
0000      1   85    0    0    2    0    0    0    .U......
0008      5    4    0    0    0    1  213    0    ........
0010      0    0  229    0   74    0  217    1    ....J...
0018     50    0   23    0    1    0    0    0    2.......
0020      0    1    0   87    0    0    0    0    ...W....
0028      0    0    0    0    0    0    0    0    ........
0030      0    0    0    0    0    0    0    0    ........
0038      0    0    0    0    0    0    0    0    ........
INFO:__main__:quit send_force_read, found len: 64 expected 64 after 0 attempts
INFO:__main__:LinkStatus:0x03:status:size=??LinkStatus:error:True:reason:['OK']

INFO:__main__:finished processing LinkStatus:0x03:status:size=??LinkStatus:error:True:reason:[], 0
INFO:__main__:PROCESS:END:442.803:LinkStatus:0x03:status:size=??LinkStatus:error:True:reason:[]
DEBUG:__main__:poll zero, sleeping in POLL, .100
DEBUG:__main__:<Stick transmit[None] reader[None] download_i[False] status[<LinkStatus:0x03:status:size=??LinkStatus:error:True:reason:[]:size(0)>] poll_size[0] poll_i[4] command[<LinkStatus:0x03:status:size=??LinkStatus:error:True:reason:[]:size(0)>]>:poll:attempt:4
INFO:__main__:PROCESS:START:544.441:LinkStatus:0x03:status:size=64
INFO:__main__:link Stick transmit[None] reader[None] download_i[False] status[<LinkStatus:0x03:status:size=??LinkStatus:error:True:reason:[]:size(0)>] poll_size[0] poll_i[4] command[<LinkStatus:0x03:status:size=64:size(64)>] processing LinkStatus:0x03:status:size=64)
INFO:__main__:send_force_read: attempt 0/5 send command, read until we get something within some timeout
INFO:__main__:link Stick transmit[None] reader[None] download_i[False] status[<LinkStatus:0x03:status:size=??LinkStatus:error:True:reason:[]:size(0)>] poll_size[0] poll_i[4] command[<LinkStatus:0x03:status:size=64:size(64)>] sending LinkStatus:0x03:status:size=64)
INFO:root:usb.write.len: 3
0000      3    0    0                             ...
DEBUG:__main__:sleeping 0.001
INFO:root:usb.read.len: 64
INFO:root:usb.read.raw:
0000      1   85    0    0    2    0    0    0    .U......
0008      5    4    0    0    0    1  213    0    ........
0010      0    0  229    0   74    0  217    1    ....J...
0018     50    0   23    0    1    0    0    0    2.......
0020      0    1    0   87    0    0    0    0    ...W....
0028      0    0    0    0    0    0    0    0    ........
0030      0    0    0    0    0    0    0    0    ........
0038      0    0    0    0    0    0    0    0    ........
INFO:__main__:quit send_force_read, found len: 64 expected 64 after 0 attempts
INFO:__main__:LinkStatus:0x03:status:size=??LinkStatus:error:True:reason:['OK']

INFO:__main__:finished processing LinkStatus:0x03:status:size=??LinkStatus:error:True:reason:[], 0
INFO:__main__:PROCESS:END:565.371:LinkStatus:0x03:status:size=??LinkStatus:error:True:reason:[]
DEBUG:__main__:poll zero, sleeping in POLL, .100
DEBUG:__main__:<Stick transmit[None] reader[None] download_i[False] status[<LinkStatus:0x03:status:size=??LinkStatus:error:True:reason:[]:size(0)>] poll_size[0] poll_i[5] command[<LinkStatus:0x03:status:size=??LinkStatus:error:True:reason:[]:size(0)>]>:poll:attempt:5
INFO:__main__:PROCESS:START:666.161:LinkStatus:0x03:status:size=64
INFO:__main__:link Stick transmit[None] reader[None] download_i[False] status[<LinkStatus:0x03:status:size=??LinkStatus:error:True:reason:[]:size(0)>] poll_size[0] poll_i[5] command[<LinkStatus:0x03:status:size=64:size(64)>] processing LinkStatus:0x03:status:size=64)
INFO:__main__:send_force_read: attempt 0/5 send command, read until we get something within some timeout
INFO:__main__:link Stick transmit[None] reader[None] download_i[False] status[<LinkStatus:0x03:status:size=??LinkStatus:error:True:reason:[]:size(0)>] poll_size[0] poll_i[5] command[<LinkStatus:0x03:status:size=64:size(64)>] sending LinkStatus:0x03:status:size=64)
INFO:root:usb.write.len: 3
0000      3    0    0                             ...
DEBUG:__main__:sleeping 0.001
INFO:root:usb.read.len: 64
INFO:root:usb.read.raw:
0000      1   85    0    0    2    0    0    0    .U......
0008      5    4    0    0    0    1  213    0    ........
0010      0    0  229    0   74    0  217    1    ....J...
0018     50    0   23    0    1    0    0    0    2.......
0020      0    1    0   87    0    0    0    0    ...W....
0028      0    0    0    0    0    0    0    0    ........
0030      0    0    0    0    0    0    0    0    ........
0038      0    0    0    0    0    0    0    0    ........
INFO:__main__:quit send_force_read, found len: 64 expected 64 after 0 attempts
INFO:__main__:LinkStatus:0x03:status:size=??LinkStatus:error:True:reason:['OK']

INFO:__main__:finished processing LinkStatus:0x03:status:size=??LinkStatus:error:True:reason:[], 0
INFO:__main__:PROCESS:END:688.995:LinkStatus:0x03:status:size=??LinkStatus:error:True:reason:[]
DEBUG:__main__:poll zero, sleeping in POLL, .100
DEBUG:__main__:<Stick transmit[None] reader[None] download_i[False] status[<LinkStatus:0x03:status:size=??LinkStatus:error:True:reason:[]:size(0)>] poll_size[0] poll_i[6] command[<LinkStatus:0x03:status:size=??LinkStatus:error:True:reason:[]:size(0)>]>:poll:attempt:6
INFO:__main__:PROCESS:START:789.832:LinkStatus:0x03:status:size=64
INFO:__main__:link Stick transmit[None] reader[None] download_i[False] status[<LinkStatus:0x03:status:size=??LinkStatus:error:True:reason:[]:size(0)>] poll_size[0] poll_i[6] command[<LinkStatus:0x03:status:size=64:size(64)>] processing LinkStatus:0x03:status:size=64)
INFO:__main__:send_force_read: attempt 0/5 send command, read until we get something within some timeout
INFO:__main__:link Stick transmit[None] reader[None] download_i[False] status[<LinkStatus:0x03:status:size=??LinkStatus:error:True:reason:[]:size(0)>] poll_size[0] poll_i[6] command[<LinkStatus:0x03:status:size=64:size(64)>] sending LinkStatus:0x03:status:size=64)
INFO:root:usb.write.len: 3
0000      3    0    0                             ...
DEBUG:__main__:sleeping 0.001
INFO:root:usb.read.len: 64
INFO:root:usb.read.raw:
0000      1   85    0    0    2    0    0    0    .U......
0008      5    4    0    0    0    1  213    0    ........
0010      0    0  229    0   74    0  217    1    ....J...
0018     50    0   23    0    1    0    0    0    2.......
0020      0    1    0   87    0    0    0    0    ...W....
0028      0    0    0    0    0    0    0    0    ........
0030      0    0    0    0    0    0    0    0    ........
0038      0    0    0    0    0    0    0    0    ........
INFO:__main__:quit send_force_read, found len: 64 expected 64 after 0 attempts
INFO:__main__:LinkStatus:0x03:status:size=??LinkStatus:error:True:reason:['OK']

INFO:__main__:finished processing LinkStatus:0x03:status:size=??LinkStatus:error:True:reason:[], 0
INFO:__main__:PROCESS:END:815.8:LinkStatus:0x03:status:size=??LinkStatus:error:True:reason:[]
DEBUG:__main__:poll zero, sleeping in POLL, .100
DEBUG:__main__:<Stick transmit[None] reader[None] download_i[False] status[<LinkStatus:0x03:status:size=??LinkStatus:error:True:reason:[]:size(0)>] poll_size[0] poll_i[7] command[<LinkStatus:0x03:status:size=??LinkStatus:error:True:reason:[]:size(0)>]>:poll:attempt:7
INFO:__main__:PROCESS:START:917.367:LinkStatus:0x03:status:size=64
INFO:__main__:link Stick transmit[None] reader[None] download_i[False] status[<LinkStatus:0x03:status:size=??LinkStatus:error:True:reason:[]:size(0)>] poll_size[0] poll_i[7] command[<LinkStatus:0x03:status:size=64:size(64)>] processing LinkStatus:0x03:status:size=64)
INFO:__main__:send_force_read: attempt 0/5 send command, read until we get something within some timeout
INFO:__main__:link Stick transmit[None] reader[None] download_i[False] status[<LinkStatus:0x03:status:size=??LinkStatus:error:True:reason:[]:size(0)>] poll_size[0] poll_i[7] command[<LinkStatus:0x03:status:size=64:size(64)>] sending LinkStatus:0x03:status:size=64)
INFO:root:usb.write.len: 3
0000      3    0    0                             ...
DEBUG:__main__:sleeping 0.001
INFO:root:usb.read.len: 64
INFO:root:usb.read.raw:
0000      1   85    0    0    2    0    0    0    .U......
0008      5    4    0    0    0    1  213    0    ........
0010      0    0  229    0   74    0  217    1    ....J...
0018     50    0   23    0    1    0    0    0    2.......
0020      0    1    0   87    0    0    0    0    ...W....
0028      0    0    0    0    0    0    0    0    ........
0030      0    0    0    0    0    0    0    0    ........
0038      0    0    0    0    0    0    0    0    ........
INFO:__main__:quit send_force_read, found len: 64 expected 64 after 0 attempts
INFO:__main__:LinkStatus:0x03:status:size=??LinkStatus:error:True:reason:['OK']

INFO:__main__:finished processing LinkStatus:0x03:status:size=??LinkStatus:error:True:reason:[], 0
INFO:__main__:PROCESS:END:937.84:LinkStatus:0x03:status:size=??LinkStatus:error:True:reason:[]
DEBUG:__main__:poll zero, sleeping in POLL, .100
DEBUG:__main__:<Stick transmit[None] reader[None] download_i[False] status[<LinkStatus:0x03:status:size=??LinkStatus:error:True:reason:[]:size(0)>] poll_size[0] poll_i[8] command[<LinkStatus:0x03:status:size=??LinkStatus:error:True:reason:[]:size(0)>]>:poll:attempt:8
INFO:__main__:PROCESS:START:1038.547:LinkStatus:0x03:status:size=64
INFO:__main__:link Stick transmit[None] reader[None] download_i[False] status[<LinkStatus:0x03:status:size=??LinkStatus:error:True:reason:[]:size(0)>] poll_size[0] poll_i[8] command[<LinkStatus:0x03:status:size=64:size(64)>] processing LinkStatus:0x03:status:size=64)
INFO:__main__:send_force_read: attempt 0/5 send command, read until we get something within some timeout
INFO:__main__:link Stick transmit[None] reader[None] download_i[False] status[<LinkStatus:0x03:status:size=??LinkStatus:error:True:reason:[]:size(0)>] poll_size[0] poll_i[8] command[<LinkStatus:0x03:status:size=64:size(64)>] sending LinkStatus:0x03:status:size=64)
INFO:root:usb.write.len: 3
0000      3    0    0                             ...
DEBUG:__main__:sleeping 0.001
INFO:root:usb.read.len: 64
INFO:root:usb.read.raw:
0000      1   85    0    0    2    0    0    0    .U......
0008      5    4    0    0    0    1  213    0    ........
0010      0    0  229    0   74    0  217    1    ....J...
0018     50    0   23    0    1    0    0    0    2.......
0020      0    1    0   87    0    0    0    0    ...W....
0028      0    0    0    0    0    0    0    0    ........
0030      0    0    0    0    0    0    0    0    ........
0038      0    0    0    0    0    0    0    0    ........
INFO:__main__:quit send_force_read, found len: 64 expected 64 after 0 attempts
INFO:__main__:LinkStatus:0x03:status:size=??LinkStatus:error:True:reason:['OK']

INFO:__main__:finished processing LinkStatus:0x03:status:size=??LinkStatus:error:True:reason:[], 0
INFO:__main__:PROCESS:END:1061.658:LinkStatus:0x03:status:size=??LinkStatus:error:True:reason:[]
DEBUG:__main__:poll zero, sleeping in POLL, .100
INFO:__main__:Stick transmit[None] reader[None] download_i[False] status[<LinkStatus:0x03:status:size=??LinkStatus:error:True:reason:[]:size(0)>] poll_size[0] poll_i[8] command[<LinkStatus:0x03:status:size=??LinkStatus:error:True:reason:[]:size(0)>]:STOP POLL after 9 attempts:size:0
INFO:__main__:XXX:clear_buffer[attempt][0]:segments[0],total_segments[0]:raw[0]:END first poll 0:SHOULD DOWNLOAD :False
INFO:__main__:PROCESS:START:1162.511:UsbStats:0x05 0x01
INFO:__main__:link Stick transmit[None] reader[None] download_i[False] status[<LinkStatus:0x03:status:size=??LinkStatus:error:True:reason:[]:size(0)>] poll_size[0] poll_i[False] command[<UsbStats:0x05 0x01:size(64)>] processing UsbStats:0x05 0x01)
INFO:__main__:send_force_read: attempt 0/5 send command, read until we get something within some timeout
INFO:__main__:link Stick transmit[None] reader[None] download_i[False] status[<LinkStatus:0x03:status:size=??LinkStatus:error:True:reason:[]:size(0)>] poll_size[0] poll_i[False] command[<UsbStats:0x05 0x01:size(64)>] sending UsbStats:0x05 0x01)
INFO:root:usb.write.len: 3
0000      5    1    0                             ...
DEBUG:__main__:sleeping 0.001
INFO:root:usb.read.len: 64
INFO:root:usb.read.raw:
0000      1   85    0    0    0    0    0    0    .U......
0008      0   57  255    0    0   57  255   58    .9...9.:
0010    152   60  175   57  254    4    0    0    .<.9....
0018      5    0   23    0    1    0    0    0    ........
0020      0    1    0   87    0    0    0    0    ...W....
0028      0    0    0    0    0    0    0    0    ........
0030      0    0    0    0    0    0    0    0    ........
0038      0    0    0    0    0    0    0    0    ........
INFO:__main__:quit send_force_read, found len: 64 expected 64 after 0 attempts
INFO:__main__:finished processing UsbStats:0x05 0x01, {'errors.timeouts': 0, 'packets.transmit': 14847L, 'errors.naks': 0, 'errors.sequence': 0, 'packets.received': 14847L, 'errors.crc': 0}
INFO:__main__:PROCESS:END:1166.818:UsbStats:0x05 0x01
INFO:__main__:PROCESS:START:1166.913:RadioStats:0x05 0x00
INFO:__main__:link Stick transmit[None] reader[None] download_i[False] status[<LinkStatus:0x03:status:size=??LinkStatus:error:True:reason:[]:size(0)>] poll_size[0] poll_i[False] command[<RadioStats:0x05 0x00:size(64)>] processing RadioStats:0x05 0x00)
INFO:__main__:send_force_read: attempt 0/5 send command, read until we get something within some timeout
INFO:__main__:link Stick transmit[None] reader[None] download_i[False] status[<LinkStatus:0x03:status:size=??LinkStatus:error:True:reason:[]:size(0)>] poll_size[0] poll_i[False] command[<RadioStats:0x05 0x00:size(64)>] sending RadioStats:0x05 0x00)
INFO:root:usb.write.len: 3
0000      5    0    0                             ...
DEBUG:__main__:sleeping 0.001
INFO:root:usb.read.len: 64
INFO:root:usb.read.raw:
0000      1   85    0    0    9    0   70    0    .U....F.
0008      0    1  125    0    0    1  213    0    ..}.....
0010      0    0  229    0   74    0  217    1    ....J...
0018     50    0   23    0    1    0    0    0    2.......
0020      0    1    0   87    0    0    0    0    ...W....
0028      0    0    0    0    0    0    0    0    ........
0030      0    0    0    0    0    0    0    0    ........
0038      0    0    0    0    0    0    0    0    ........
INFO:__main__:quit send_force_read, found len: 64 expected 64 after 0 attempts
INFO:__main__:finished processing RadioStats:0x05 0x00, {'errors.timeouts': 70, 'packets.transmit': 469L, 'errors.naks': 0, 'errors.sequence': 9, 'packets.received': 381L, 'errors.crc': 0}
INFO:__main__:PROCESS:END:1170.202:RadioStats:0x05 0x00
INFO:__main__:XXX:clear_buffer[attempt][0]:END:no data:INTERFACE STATS
{'radio': {'errors.crc': 0,
           'errors.naks': 0,
           'errors.sequence': 9,
           'errors.timeouts': 70,
           'packets.received': 381L,
           'packets.transmit': 469L},
 'usb': {'errors.crc': 0,
         'errors.naks': 0,
         'errors.sequence': 0,
         'errors.timeouts': 0,
         'packets.received': 14847L,
         'packets.transmit': 14847L}}
INFO:__main__:NO PENDING BUFFER
INFO:__main__:DONE CLEARING BUFFERS
INFO:__main__:PROCESS:START:1171.894:UsbStats:0x05 0x01
INFO:__main__:link Stick transmit[None] reader[None] download_i[False] status[<LinkStatus:0x03:status:size=??LinkStatus:error:True:reason:[]:size(0)>] poll_size[0] poll_i[False] command[<UsbStats:0x05 0x01:size(64)>] processing UsbStats:0x05 0x01)
INFO:__main__:send_force_read: attempt 0/5 send command, read until we get something within some timeout
INFO:__main__:link Stick transmit[None] reader[None] download_i[False] status[<LinkStatus:0x03:status:size=??LinkStatus:error:True:reason:[]:size(0)>] poll_size[0] poll_i[False] command[<UsbStats:0x05 0x01:size(64)>] sending UsbStats:0x05 0x01)
INFO:root:usb.write.len: 3
0000      5    1    0                             ...
DEBUG:__main__:sleeping 0.001
INFO:root:usb.read.len: 64
INFO:root:usb.read.raw:
0000      1   85    0    0    0    0    0    0    .U......
0008      0   58    1    0    0   58    1   58    .:...:.:
0010    154   60  177   58    0    4    0    0    .<.:....
0018      5    0   23    0    1    0    0    0    ........
0020      0    1    0   87    0    0    0    0    ...W....
0028      0    0    0    0    0    0    0    0    ........
0030      0    0    0    0    0    0    0    0    ........
0038      0    0    0    0    0    0    0    0    ........
INFO:__main__:quit send_force_read, found len: 64 expected 64 after 0 attempts
INFO:__main__:finished processing UsbStats:0x05 0x01, {'errors.timeouts': 0, 'packets.transmit': 14849L, 'errors.naks': 0, 'errors.sequence': 0, 'packets.received': 14849L, 'errors.crc': 0}
INFO:__main__:PROCESS:END:1176.532:UsbStats:0x05 0x01
INFO:__main__:PROCESS:START:1176.637:RadioStats:0x05 0x00
INFO:__main__:link Stick transmit[None] reader[None] download_i[False] status[<LinkStatus:0x03:status:size=??LinkStatus:error:True:reason:[]:size(0)>] poll_size[0] poll_i[False] command[<RadioStats:0x05 0x00:size(64)>] processing RadioStats:0x05 0x00)
INFO:__main__:send_force_read: attempt 0/5 send command, read until we get something within some timeout
INFO:__main__:link Stick transmit[None] reader[None] download_i[False] status[<LinkStatus:0x03:status:size=??LinkStatus:error:True:reason:[]:size(0)>] poll_size[0] poll_i[False] command[<RadioStats:0x05 0x00:size(64)>] sending RadioStats:0x05 0x00)
INFO:root:usb.write.len: 3
0000      5    0    0                             ...
DEBUG:__main__:sleeping 0.001
INFO:root:usb.read.len: 64
INFO:root:usb.read.raw:
0000      1   85    0    0    9    0   70    0    .U....F.
0008      0    1  125    0    0    1  213    0    ..}.....
0010      0    0  229    0   74    0  217    1    ....J...
0018     50    0   23    0    1    0    0    0    2.......
0020      0    1    0   87    0    0    0    0    ...W....
0028      0    0    0    0    0    0    0    0    ........
0030      0    0    0    0    0    0    0    0    ........
0038      0    0    0    0    0    0    0    0    ........
INFO:__main__:quit send_force_read, found len: 64 expected 64 after 0 attempts
INFO:__main__:finished processing RadioStats:0x05 0x00, {'errors.timeouts': 70, 'packets.transmit': 469L, 'errors.naks': 0, 'errors.sequence': 9, 'packets.received': 381L, 'errors.crc': 0}
INFO:__main__:PROCESS:END:1180.21:RadioStats:0x05 0x00
INFO:__main__:INTERFACE STATS:
{'radio': {'errors.crc': 0,
           'errors.naks': 0,
           'errors.sequence': 9,
           'errors.timeouts': 70,
           'packets.received': 381L,
           'packets.transmit': 469L},
 'usb': {'errors.crc': 0,
         'errors.naks': 0,
         'errors.sequence': 0,
         'errors.timeouts': 0,
         'packets.received': 14849L,
         'packets.transmit': 14849L}}
INFO:__main__:howdy! all done looking at the stick
python decocare/stick.py /dev/ttyUSB0
	elapsed 0:01.37
	user 0.09
	system 0.02
	CPU 8% (0text+0data 10820max)k
